[debug] [2026-03-31T09:45:36.020Z] ----------------------------------------------------------------------
[debug] [2026-03-31T09:45:36.023Z] Command:       /home/yasser/.nvm/versions/node/v24.14.0/bin/node /home/yasser/.nvm/versions/node/v24.14.0/bin/firebase init
[debug] [2026-03-31T09:45:36.023Z] CLI Version:   15.12.0
[debug] [2026-03-31T09:45:36.023Z] Platform:      linux
[debug] [2026-03-31T09:45:36.023Z] Node Version:  v24.14.0
[debug] [2026-03-31T09:45:36.024Z] Time:          Tue Mar 31 2026 12:45:36 GMT+0300 (Arabian Standard Time)
[debug] [2026-03-31T09:45:36.024Z] ----------------------------------------------------------------------
[debug] 
[debug] [2026-03-31T09:45:36.026Z] >>> [apiv2][query] GET https://firebase-public.firebaseio.com/cli.json [none]
[info] 
     ######## #### ########  ######## ########     ###     ######  ########
     ##        ##  ##     ## ##       ##     ##  ##   ##  ##       ##
     ######    ##  ########  ######   ########  #########  ######  ######
     ##        ##  ##    ##  ##       ##     ## ##     ##       ## ##
     ##       #### ##     ## ######## ########  ##     ##  ######  ########

You're about to initialize a Firebase project in this directory:

  /home/yasser/Documents/robonestWeb/roboNestWeb

[debug] [2026-03-31T09:45:37.323Z] <<< [apiv2][status] GET https://firebase-public.firebaseio.com/cli.json 200
[debug] [2026-03-31T09:45:37.324Z] <<< [apiv2][body] GET https://firebase-public.firebaseio.com/cli.json {"cloudBuildErrorAfter":1594252800000,"cloudBuildWarnAfter":1590019200000,"defaultNode10After":1594252800000,"minVersion":"3.0.5","node8DeploysDisabledAfter":1613390400000,"node8RuntimeDisabledAfter":1615809600000,"node8WarnAfter":1600128000000}
[debug] [2026-03-31T09:45:39.087Z] ExitPromptError: User force closed the prompt with SIGINT
    at Interface.sigint (/home/yasser/.nvm/versions/node/v24.14.0/lib/node_modules/firebase-tools/node_modules/@inquirer/core/dist/commonjs/lib/create-prompt.js:101:37)
    at Interface.emit (node:events:508:28)
    at [_ttyWrite] [as _ttyWrite] (node:internal/readline/interface:1327:18)
    at ReadStream.onkeypress (node:internal/readline/interface:284:20)
    at ReadStream.emit (node:events:520:35)
    at emitKeys (node:internal/readline/utils:371:14)
    at emitKeys.next (<anonymous>)
    at ReadStream.onData (node:internal/readline/emitKeypressEvents:64:36)
    at ReadStream.emit (node:events:508:28)
    at addChunk (node:internal/streams/readable:563:12)
[error] 
[error] Error: An unexpected error has occurred.
